<?xml version="1.0" encoding="UTF-8"?>
<testng-results skipped="0" failed="0" total="1" passed="1">
  <reporter-output>
  </reporter-output>
  <suite name="Surefire suite" duration-ms="58160" started-at="2017-04-12T20:32:54Z" finished-at="2017-04-12T20:33:52Z">
    <groups>
    </groups>
    <test name="Surefire test" duration-ms="58160" started-at="2017-04-12T20:32:54Z" finished-at="2017-04-12T20:33:52Z">
      <class name="herokuapp.BasicTest">
        <test-method status="PASS" signature="setUp()[pri:0, instance:herokuapp.BasicTest@3f2a3a5]" name="setUp" is-config="true" duration-ms="14742" started-at="2017-04-12T15:32:54Z" finished-at="2017-04-12T15:33:09Z">
          <reporter-output>
          </reporter-output>
        </test-method> <!-- setUp -->
        <test-method status="PASS" signature="testFullRegression()[pri:0, instance:herokuapp.BasicTest@3f2a3a5]" name="testFullRegression" duration-ms="43402" started-at="2017-04-12T15:33:09Z" finished-at="2017-04-12T15:33:52Z">
          <reporter-output>
          </reporter-output>
        </test-method> <!-- testFullRegression -->
      </class> <!-- herokuapp.BasicTest -->
    </test> <!-- Surefire test -->
  </suite> <!-- Surefire suite -->
</testng-results>
